# JRE version: Java(TM) SE Runtime Environment (17.0.10+11) (build 17.0.10+11-LTS-240)
# Java VM: Java HotSpot(TM) 64-Bit Server VM (17.0.10+11-LTS-240, mixed mode, sharing, tiered, compressed oops, compressed class ptrs, g1 gc, windows-amd64)
GC Precious Log:
 CPUs: 8 total, 8 available
 Memory: 3899M
 Large Page Support: Disabled
 NUMA Support: Disabled
 Compressed Oops: Enabled (32-bit)
 Heap Region Size: 1M
 Heap Min Capacity: 8M
 Heap Initial Capacity: 62M
 Heap Max Capacity: 976M
 Pre-touch: Disabled
 Parallel Workers: 8
 Concurrent Workers: 2
 Concurrent Refinement Workers: 8
 Periodic GC: Disabled
Heap:
 garbage-first heap   total 55296K, used 41924K [0x00000000c3000000, 0x0000000100000000)
  region size 1024K, 20 young (20480K), 3 survivors (3072K)
 Metaspace       used 63615K, committed 64256K, reserved 1114112K
  class space    used 8598K, committed 8896K, reserved 1048576K
GC Heap History (20 events):
Event: 7.651 GC heap before
{Heap before GC invocations=3 (full 0):
 garbage-first heap   total 63488K, used 36060K [0x00000000c3000000, 0x0000000100000000)
  region size 1024K, 28 young (28672K), 4 survivors (4096K)
 Metaspace       used 21260K, committed 21504K, reserved 1114112K
  class space    used 2628K, committed 2752K, reserved 1048576K
}
Event: 7.664 GC heap after
{Heap after GC invocations=4 (full 0):
 garbage-first heap   total 63488K, used 14454K [0x00000000c3000000, 0x0000000100000000)
  region size 1024K, 3 young (3072K), 3 survivors (3072K)
 Metaspace       used 21260K, committed 21504K, reserved 1114112K
  class space    used 2628K, committed 2752K, reserved 1048576K
}
Event: 10.307 GC heap before
{Heap before GC invocations=5 (full 0):
 garbage-first heap   total 55296K, used 44150K [0x00000000c3000000, 0x0000000100000000)
  region size 1024K, 32 young (32768K), 3 survivors (3072K)
 Metaspace       used 27071K, committed 27456K, reserved 1114112K
  class space    used 3438K, committed 3648K, reserved 1048576K
}
Event: 10.333 GC heap after
{Heap after GC invocations=6 (full 0):
 garbage-first heap   total 55296K, used 16994K [0x00000000c3000000, 0x0000000100000000)
  region size 1024K, 4 young (4096K), 4 survivors (4096K)
 Metaspace       used 27071K, committed 27456K, reserved 1114112K
  class space    used 3438K, committed 3648K, reserved 1048576K
}
Event: 14.047 GC heap before
{Heap before GC invocations=6 (full 0):
 garbage-first heap   total 55296K, used 38498K [0x00000000c3000000, 0x0000000100000000)
  region size 1024K, 25 young (25600K), 4 survivors (4096K)
 Metaspace       used 31351K, committed 31872K, reserved 1114112K
  class space    used 4028K, committed 4288K, reserved 1048576K
}
Event: 14.057 GC heap after
{Heap after GC invocations=7 (full 0):
 garbage-first heap   total 55296K, used 18545K [0x00000000c3000000, 0x0000000100000000)
  region size 1024K, 2 young (2048K), 2 survivors (2048K)
 Metaspace       used 31351K, committed 31872K, reserved 1114112K
  class space    used 4028K, committed 4288K, reserved 1048576K
}
Event: 15.202 GC heap before
{Heap before GC invocations=7 (full 0):
 garbage-first heap   total 55296K, used 34929K [0x00000000c3000000, 0x0000000100000000)
  region size 1024K, 20 young (20480K), 2 survivors (2048K)
 Metaspace       used 35500K, committed 35968K, reserved 1114112K
  class space    used 4741K, committed 4992K, reserved 1048576K
}
Event: 15.207 GC heap after
{Heap after GC invocations=8 (full 0):
 garbage-first heap   total 55296K, used 19165K [0x00000000c3000000, 0x0000000100000000)
  region size 1024K, 3 young (3072K), 3 survivors (3072K)
 Metaspace       used 35500K, committed 35968K, reserved 1114112K
  class space    used 4741K, committed 4992K, reserved 1048576K
}
Event: 17.822 GC heap before
{Heap before GC invocations=9 (full 0):
 garbage-first heap   total 55296K, used 40669K [0x00000000c3000000, 0x0000000100000000)
  region size 1024K, 24 young (24576K), 3 survivors (3072K)
 Metaspace       used 44560K, committed 45056K, reserved 1114112K
  class space    used 5833K, committed 6080K, reserved 1048576K
}
Event: 17.828 GC heap after
{Heap after GC invocations=10 (full 0):
 garbage-first heap   total 55296K, used 21542K [0x00000000c3000000, 0x0000000100000000)
  region size 1024K, 3 young (3072K), 3 survivors (3072K)
 Metaspace       used 44560K, committed 45056K, reserved 1114112K
  class space    used 5833K, committed 6080K, reserved 1048576K
}
Event: 22.293 GC heap before
{Heap before GC invocations=10 (full 0):
 garbage-first heap   total 55296K, used 39974K [0x00000000c3000000, 0x0000000100000000)
  region size 1024K, 22 young (22528K), 3 survivors (3072K)
 Metaspace       used 49023K, committed 49472K, reserved 1114112K
  class space    used 6376K, committed 6592K, reserved 1048576K
}
Event: 22.300 GC heap after
{Heap after GC invocations=11 (full 0):
 garbage-first heap   total 55296K, used 22879K [0x00000000c3000000, 0x0000000100000000)
  region size 1024K, 2 young (2048K), 2 survivors (2048K)
 Metaspace       used 49023K, committed 49472K, reserved 1114112K
  class space    used 6376K, committed 6592K, reserved 1048576K
}
Event: 22.924 GC heap before
{Heap before GC invocations=11 (full 0):
 garbage-first heap   total 55296K, used 40287K [0x00000000c3000000, 0x0000000100000000)
  region size 1024K, 20 young (20480K), 2 survivors (2048K)
 Metaspace       used 54627K, committed 55168K, reserved 1114112K
  class space    used 7340K, committed 7616K, reserved 1048576K
}
Event: 22.927 GC heap after
{Heap after GC invocations=12 (full 0):
 garbage-first heap   total 55296K, used 23447K [0x00000000c3000000, 0x0000000100000000)
  region size 1024K, 2 young (2048K), 2 survivors (2048K)
 Metaspace       used 54627K, committed 55168K, reserved 1114112K
  class space    used 7340K, committed 7616K, reserved 1048576K
}
Event: 24.820 GC heap before
{Heap before GC invocations=12 (full 0):
 garbage-first heap   total 55296K, used 41879K [0x00000000c3000000, 0x0000000100000000)
  region size 1024K, 21 young (21504K), 2 survivors (2048K)
 Metaspace       used 58611K, committed 59200K, reserved 1114112K
  class space    used 7876K, committed 8128K, reserved 1048576K
}
Event: 24.825 GC heap after
{Heap after GC invocations=13 (full 0):
 garbage-first heap   total 55296K, used 24694K [0x00000000c3000000, 0x0000000100000000)
  region size 1024K, 2 young (2048K), 2 survivors (2048K)
 Metaspace       used 58611K, committed 59200K, reserved 1114112K
  class space    used 7876K, committed 8128K, reserved 1048576K
}
Event: 24.927 GC heap before
{Heap before GC invocations=13 (full 0):
 garbage-first heap   total 55296K, used 27766K [0x00000000c3000000, 0x0000000100000000)
  region size 1024K, 6 young (6144K), 2 survivors (2048K)
 Metaspace       used 59603K, committed 60160K, reserved 1114112K
  class space    used 7976K, committed 8256K, reserved 1048576K
}
Event: 24.931 GC heap after
{Heap after GC invocations=14 (full 0):
 garbage-first heap   total 55296K, used 25066K [0x00000000c3000000, 0x0000000100000000)
  region size 1024K, 2 young (2048K), 2 survivors (2048K)
 Metaspace       used 59603K, committed 60160K, reserved 1114112K
  class space    used 7976K, committed 8256K, reserved 1048576K
}
Event: 25.354 GC heap before
{Heap before GC invocations=15 (full 0):
 garbage-first heap   total 55296K, used 43498K [0x00000000c3000000, 0x0000000100000000)
  region size 1024K, 20 young (20480K), 2 survivors (2048K)
 Metaspace       used 61541K, committed 62080K, reserved 1114112K
  class space    used 8309K, committed 8576K, reserved 1048576K
}
Event: 25.359 GC heap after
{Heap after GC invocations=16 (full 0):
 garbage-first heap   total 55296K, used 26564K [0x00000000c3000000, 0x0000000100000000)
  region size 1024K, 3 young (3072K), 3 survivors (3072K)
 Metaspace       used 61541K, committed 62080K, reserved 1114112K
  class space    used 8309K, committed 8576K, reserved 1048576K
}

